<?xml version="1.0" encoding="UTF-8"?>
<!-- Generated by org.testng.reporters.JUnitReportReporter -->
<testsuite skipped="0" hostname="Karthik-PC" name="com.herpkupapp.testcase.WelomePageTestCase" tests="1" failures="0" timestamp="2021-02-18T12:39:37 IST" time="11.719" errors="0">
  <testcase name="validateLogin" time="11.719" classname="com.herpkupapp.testcase.WelomePageTestCase"/>
  <system-out/>
</testsuite> <!-- com.herpkupapp.testcase.WelomePageTestCase -->
